c:\users\casey\documents\github\pokemon\pokemon\pokemon\x64\debug\vc143.pdb
c:\users\casey\documents\github\pokemon\pokemon\pokemon\x64\debug\vc143.idb
c:\users\casey\documents\github\pokemon\pokemon\pokemon\x64\debug\utility.obj
c:\users\casey\documents\github\pokemon\pokemon\pokemon\x64\debug\pokemon.obj
c:\users\casey\documents\github\pokemon\pokemon\pokemon\x64\debug\grass.obj
c:\users\casey\documents\github\pokemon\pokemon\pokemon\x64\debug\main.obj
c:\users\casey\documents\github\pokemon\pokemon\pokemon\x64\debug\game.obj
c:\users\casey\documents\github\pokemon\pokemon\pokemon\x64\debug\professoroak.obj
c:\users\casey\documents\github\pokemon\pokemon\pokemon\x64\debug\wildencountermanager.obj
c:\users\casey\documents\github\pokemon\pokemon\pokemon\x64\debug\battlemanager.obj
c:\users\casey\documents\github\pokemon\pokemon\pokemon\x64\debug\pokemon.ilk
c:\users\casey\documents\github\pokemon\pokemon\pokemon\x64\debug\player.obj
c:\users\casey\documents\github\pokemon\pokemon\x64\debug\pokemon.pdb
c:\users\casey\documents\github\pokemon\pokemon\pokemon\x64\debug\pokemon.tlog\cl.command.1.tlog
c:\users\casey\documents\github\pokemon\pokemon\pokemon\x64\debug\pokemon.tlog\cl.items.tlog
c:\users\casey\documents\github\pokemon\pokemon\pokemon\x64\debug\pokemon.tlog\cl.read.1.tlog
c:\users\casey\documents\github\pokemon\pokemon\pokemon\x64\debug\pokemon.tlog\cl.write.1.tlog
c:\users\casey\documents\github\pokemon\pokemon\pokemon\x64\debug\pokemon.tlog\link-cvtres.read.1.tlog
c:\users\casey\documents\github\pokemon\pokemon\pokemon\x64\debug\pokemon.tlog\link-cvtres.write.1.tlog
c:\users\casey\documents\github\pokemon\pokemon\pokemon\x64\debug\pokemon.tlog\link-rc.read.1.tlog
c:\users\casey\documents\github\pokemon\pokemon\pokemon\x64\debug\pokemon.tlog\link-rc.write.1.tlog
c:\users\casey\documents\github\pokemon\pokemon\pokemon\x64\debug\pokemon.tlog\link.10152-cvtres.read.1.tlog
c:\users\casey\documents\github\pokemon\pokemon\pokemon\x64\debug\pokemon.tlog\link.10152-cvtres.write.1.tlog
c:\users\casey\documents\github\pokemon\pokemon\pokemon\x64\debug\pokemon.tlog\link.10152-rc.read.1.tlog
c:\users\casey\documents\github\pokemon\pokemon\pokemon\x64\debug\pokemon.tlog\link.10152-rc.write.1.tlog
c:\users\casey\documents\github\pokemon\pokemon\pokemon\x64\debug\pokemon.tlog\link.10152.read.1.tlog
c:\users\casey\documents\github\pokemon\pokemon\pokemon\x64\debug\pokemon.tlog\link.10152.read.2.tlog
c:\users\casey\documents\github\pokemon\pokemon\pokemon\x64\debug\pokemon.tlog\link.10152.read.3.tlog
c:\users\casey\documents\github\pokemon\pokemon\pokemon\x64\debug\pokemon.tlog\link.10152.read.4.tlog
c:\users\casey\documents\github\pokemon\pokemon\pokemon\x64\debug\pokemon.tlog\link.10152.write.1.tlog
c:\users\casey\documents\github\pokemon\pokemon\pokemon\x64\debug\pokemon.tlog\link.command.1.tlog
c:\users\casey\documents\github\pokemon\pokemon\pokemon\x64\debug\pokemon.tlog\link.read.1.tlog
c:\users\casey\documents\github\pokemon\pokemon\pokemon\x64\debug\pokemon.tlog\link.read.2.tlog
c:\users\casey\documents\github\pokemon\pokemon\pokemon\x64\debug\pokemon.tlog\link.read.3.tlog
c:\users\casey\documents\github\pokemon\pokemon\pokemon\x64\debug\pokemon.tlog\link.read.4.tlog
c:\users\casey\documents\github\pokemon\pokemon\pokemon\x64\debug\pokemon.tlog\link.secondary.1.tlog
c:\users\casey\documents\github\pokemon\pokemon\pokemon\x64\debug\pokemon.tlog\link.write.1.tlog
